(address 0): 8454176 (hex 0x810020)
(address 1): 8519713 (hex 0x820021)
(address 2): 8716327 (hex 0x850027)
(address 3): 8650790 (hex 0x840026)
(address 4): 23527424 (hex 0x1670000)
(address 5): 25165824 (hex 0x1800000)
(address 6): 17825815 (hex 0x1100017)
(address 7): 17432598 (hex 0x10a0016)
(address 8): 8781859 (hex 0x860023)
(address 9): 917505 (hex 0xe0001)
(address 10): 8781861 (hex 0x860025)
(address 11): 3014661 (hex 0x2e0005)
(address 12): 15269888 (hex 0xe90000)
(address 13): 15400959 (hex 0xeaffff)
(address 14): 15728638 (hex 0xeffffe)
(address 15): 8650790 (hex 0x840026)
(address 16): 23527424 (hex 0x1670000)
(address 17): 15466493 (hex 0xebfffd)
(address 18): 11206655 (hex 0xaaffff)
(address 19): 8650787 (hex 0x840023)
(address 20): 1310722 (hex 0x140002)
(address 21): 11075584 (hex 0xa90000)
(address 22): 8650790 (hex 0x840026)
(address 23): 23527424 (hex 0x1670000)
(address 24): 11337725 (hex 0xacfffd)
(address 25): 1835011 (hex 0x1c0003)
(address 26): 11534334 (hex 0xaffffe)
(address 27): 8781860 (hex 0x860024)
(address 28): 3014661 (hex 0x2e0005)
(address 29): 25034752 (hex 0x17e0000)
(address 30): 8585250 (hex 0x830022)
(address 31): 24903680 (hex 0x17c0000)
(address 32): 5 (hex 0x5)
(address 33): 2 (hex 0x2)
(address 34): 1 (hex 0x1)
(address 35): -1 (hex 0xffffffff)
(address 36): -4 (hex 0xfffffffc)
(address 37): 4 (hex 0x4)
(address 38): 6 (hex 0x6)
(address 39): 39 (hex 0x27)
